2020-01-15 10:08:22 [main] INFO  Base:46 - This is an info message
2020-01-15 10:08:22 [main] WARN  Base:47 - This is a warn message
2020-01-15 10:08:22 [main] ERROR Base:48 - This is an error message
2020-01-15 10:08:22 [main] FATAL Base:49 - This is a fatal message
2020-01-15 10:08:38 [main] INFO  Base:46 - This is an info message
2020-01-15 10:08:38 [main] WARN  Base:47 - This is a warn message
2020-01-15 10:08:38 [main] ERROR Base:48 - This is an error message
2020-01-15 10:08:38 [main] FATAL Base:49 - This is a fatal message
2020-01-15 10:08:48 [main] INFO  Base:46 - This is an info message
2020-01-15 10:08:48 [main] WARN  Base:47 - This is a warn message
2020-01-15 10:08:48 [main] ERROR Base:48 - This is an error message
2020-01-15 10:08:48 [main] FATAL Base:49 - This is a fatal message
2020-01-15 10:08:59 [main] INFO  Base:46 - This is an info message
2020-01-15 10:08:59 [main] WARN  Base:47 - This is a warn message
2020-01-15 10:08:59 [main] ERROR Base:48 - This is an error message
2020-01-15 10:08:59 [main] FATAL Base:49 - This is a fatal message
2020-01-23 08:13:42 [main] INFO  Base:46 - This is an info message
2020-01-23 08:13:42 [main] WARN  Base:47 - This is a warn message
2020-01-23 08:13:42 [main] ERROR Base:48 - This is an error message
2020-01-23 08:13:42 [main] FATAL Base:49 - This is a fatal message
2020-01-23 08:13:48 [main] INFO  Base:46 - This is an info message
2020-01-23 08:13:48 [main] WARN  Base:47 - This is a warn message
2020-01-23 08:13:48 [main] ERROR Base:48 - This is an error message
2020-01-23 08:13:48 [main] FATAL Base:49 - This is a fatal message
2020-01-23 08:13:57 [main] INFO  Base:46 - This is an info message
2020-01-23 08:13:57 [main] WARN  Base:47 - This is a warn message
2020-01-23 08:13:57 [main] ERROR Base:48 - This is an error message
2020-01-23 08:13:57 [main] FATAL Base:49 - This is a fatal message
2020-01-23 08:14:00 [main] INFO  Base:46 - This is an info message
2020-01-23 08:14:00 [main] WARN  Base:47 - This is a warn message
2020-01-23 08:14:00 [main] ERROR Base:48 - This is an error message
2020-01-23 08:14:00 [main] FATAL Base:49 - This is a fatal message
2020-01-23 08:14:09 [main] INFO  Base:46 - This is an info message
2020-01-23 08:14:09 [main] WARN  Base:47 - This is a warn message
2020-01-23 08:14:09 [main] ERROR Base:48 - This is an error message
2020-01-23 08:14:09 [main] FATAL Base:49 - This is a fatal message
2020-01-23 08:14:12 [main] INFO  Base:46 - This is an info message
2020-01-23 08:14:12 [main] WARN  Base:47 - This is a warn message
2020-01-23 08:14:12 [main] ERROR Base:48 - This is an error message
2020-01-23 08:14:12 [main] FATAL Base:49 - This is a fatal message
2020-03-15 15:48:35 [main] INFO  Base:46 - This is an info message
2020-03-15 15:48:35 [main] WARN  Base:47 - This is a warn message
2020-03-15 15:48:35 [main] ERROR Base:48 - This is an error message
2020-03-15 15:48:35 [main] FATAL Base:49 - This is a fatal message
2020-03-15 15:48:43 [main] INFO  Base:46 - This is an info message
2020-03-15 15:48:43 [main] WARN  Base:47 - This is a warn message
2020-03-15 15:48:43 [main] ERROR Base:48 - This is an error message
2020-03-15 15:48:43 [main] FATAL Base:49 - This is a fatal message
2020-03-15 15:48:54 [main] INFO  Base:46 - This is an info message
2020-03-15 15:48:54 [main] WARN  Base:47 - This is a warn message
2020-03-15 15:48:54 [main] ERROR Base:48 - This is an error message
2020-03-15 15:48:54 [main] FATAL Base:49 - This is a fatal message
2020-03-15 15:48:59 [main] INFO  Base:46 - This is an info message
2020-03-15 15:48:59 [main] WARN  Base:47 - This is a warn message
2020-03-15 15:48:59 [main] ERROR Base:48 - This is an error message
2020-03-15 15:48:59 [main] FATAL Base:49 - This is a fatal message
2020-03-15 15:49:07 [main] INFO  Base:46 - This is an info message
2020-03-15 15:49:07 [main] WARN  Base:47 - This is a warn message
2020-03-15 15:49:07 [main] ERROR Base:48 - This is an error message
2020-03-15 15:49:07 [main] FATAL Base:49 - This is a fatal message
2020-03-15 15:49:14 [main] INFO  Base:46 - This is an info message
2020-03-15 15:49:14 [main] WARN  Base:47 - This is a warn message
2020-03-15 15:49:14 [main] ERROR Base:48 - This is an error message
2020-03-15 15:49:14 [main] FATAL Base:49 - This is a fatal message
2020-03-29 16:51:58 [main] INFO  Base:46 - This is an info message
2020-03-29 16:51:58 [main] WARN  Base:47 - This is a warn message
2020-03-29 16:51:58 [main] ERROR Base:48 - This is an error message
2020-03-29 16:51:58 [main] FATAL Base:49 - This is a fatal message
2020-03-29 16:51:58 [main] INFO  Base:46 - This is an info message
2020-03-29 16:51:58 [main] WARN  Base:47 - This is a warn message
2020-03-29 16:51:58 [main] ERROR Base:48 - This is an error message
2020-03-29 16:51:58 [main] FATAL Base:49 - This is a fatal message
2020-03-29 16:55:42 [main] INFO  Base:46 - This is an info message
2020-03-29 16:55:42 [main] WARN  Base:47 - This is a warn message
2020-03-29 16:55:42 [main] ERROR Base:48 - This is an error message
2020-03-29 16:55:42 [main] FATAL Base:49 - This is a fatal message
2020-03-29 16:55:48 [main] INFO  Base:46 - This is an info message
2020-03-29 16:55:48 [main] WARN  Base:47 - This is a warn message
2020-03-29 16:55:48 [main] ERROR Base:48 - This is an error message
2020-03-29 16:55:48 [main] FATAL Base:49 - This is a fatal message
2020-03-29 16:55:59 [main] INFO  Base:46 - This is an info message
2020-03-29 16:55:59 [main] WARN  Base:47 - This is a warn message
2020-03-29 16:55:59 [main] ERROR Base:48 - This is an error message
2020-03-29 16:55:59 [main] FATAL Base:49 - This is a fatal message
2020-03-29 16:56:03 [main] INFO  Base:46 - This is an info message
2020-03-29 16:56:03 [main] WARN  Base:47 - This is a warn message
2020-03-29 16:56:03 [main] ERROR Base:48 - This is an error message
2020-03-29 16:56:03 [main] FATAL Base:49 - This is a fatal message
2020-03-29 16:58:25 [main] INFO  Base:46 - This is an info message
2020-03-29 16:58:25 [main] WARN  Base:47 - This is a warn message
2020-03-29 16:58:25 [main] ERROR Base:48 - This is an error message
2020-03-29 16:58:25 [main] FATAL Base:49 - This is a fatal message
2020-03-29 16:58:29 [main] INFO  Base:46 - This is an info message
2020-03-29 16:58:29 [main] WARN  Base:47 - This is a warn message
2020-03-29 16:58:29 [main] ERROR Base:48 - This is an error message
2020-03-29 16:58:29 [main] FATAL Base:49 - This is a fatal message
2020-03-29 16:58:39 [main] INFO  Base:46 - This is an info message
2020-03-29 16:58:39 [main] WARN  Base:47 - This is a warn message
2020-03-29 16:58:39 [main] ERROR Base:48 - This is an error message
2020-03-29 16:58:39 [main] FATAL Base:49 - This is a fatal message
2020-03-29 16:58:43 [main] INFO  Base:46 - This is an info message
2020-03-29 16:58:43 [main] WARN  Base:47 - This is a warn message
2020-03-29 16:58:43 [main] ERROR Base:48 - This is an error message
2020-03-29 16:58:43 [main] FATAL Base:49 - This is a fatal message
2020-03-29 16:58:48 [main] INFO  Base:46 - This is an info message
2020-03-29 16:58:48 [main] WARN  Base:47 - This is a warn message
2020-03-29 16:58:48 [main] ERROR Base:48 - This is an error message
2020-03-29 16:58:48 [main] FATAL Base:49 - This is a fatal message
2020-03-29 17:00:36 [main] INFO  Base:46 - This is an info message
2020-03-29 17:00:36 [main] WARN  Base:47 - This is a warn message
2020-03-29 17:00:36 [main] ERROR Base:48 - This is an error message
2020-03-29 17:00:36 [main] FATAL Base:49 - This is a fatal message
2020-03-29 17:00:40 [main] INFO  Base:46 - This is an info message
2020-03-29 17:00:40 [main] WARN  Base:47 - This is a warn message
2020-03-29 17:00:40 [main] ERROR Base:48 - This is an error message
2020-03-29 17:00:40 [main] FATAL Base:49 - This is a fatal message
2020-03-29 17:00:48 [main] INFO  Base:46 - This is an info message
2020-03-29 17:00:48 [main] WARN  Base:47 - This is a warn message
2020-03-29 17:00:48 [main] ERROR Base:48 - This is an error message
2020-03-29 17:00:48 [main] FATAL Base:49 - This is a fatal message
2020-03-29 17:00:52 [main] INFO  Base:46 - This is an info message
2020-03-29 17:00:52 [main] WARN  Base:47 - This is a warn message
2020-03-29 17:00:52 [main] ERROR Base:48 - This is an error message
2020-03-29 17:00:52 [main] FATAL Base:49 - This is a fatal message
2020-03-29 17:00:55 [main] INFO  Base:46 - This is an info message
2020-03-29 17:00:55 [main] WARN  Base:47 - This is a warn message
2020-03-29 17:00:55 [main] ERROR Base:48 - This is an error message
2020-03-29 17:00:55 [main] FATAL Base:49 - This is a fatal message
2020-03-29 17:02:24 [main] INFO  Base:46 - This is an info message
2020-03-29 17:02:24 [main] WARN  Base:47 - This is a warn message
2020-03-29 17:02:24 [main] ERROR Base:48 - This is an error message
2020-03-29 17:02:24 [main] FATAL Base:49 - This is a fatal message
2020-03-29 17:02:28 [main] INFO  Base:46 - This is an info message
2020-03-29 17:02:28 [main] WARN  Base:47 - This is a warn message
2020-03-29 17:02:28 [main] ERROR Base:48 - This is an error message
2020-03-29 17:02:28 [main] FATAL Base:49 - This is a fatal message
2020-03-29 17:02:37 [main] INFO  Base:46 - This is an info message
2020-03-29 17:02:37 [main] WARN  Base:47 - This is a warn message
2020-03-29 17:02:37 [main] ERROR Base:48 - This is an error message
2020-03-29 17:02:37 [main] FATAL Base:49 - This is a fatal message
2020-03-29 17:02:40 [main] INFO  Base:46 - This is an info message
2020-03-29 17:02:40 [main] WARN  Base:47 - This is a warn message
2020-03-29 17:02:40 [main] ERROR Base:48 - This is an error message
2020-03-29 17:02:40 [main] FATAL Base:49 - This is a fatal message
2020-03-29 17:02:43 [main] INFO  Base:46 - This is an info message
2020-03-29 17:02:43 [main] WARN  Base:47 - This is a warn message
2020-03-29 17:02:43 [main] ERROR Base:48 - This is an error message
2020-03-29 17:02:43 [main] FATAL Base:49 - This is a fatal message
2020-03-29 17:34:38 [main] INFO  Base:46 - This is an info message
2020-03-29 17:34:38 [main] WARN  Base:47 - This is a warn message
2020-03-29 17:34:38 [main] ERROR Base:48 - This is an error message
2020-03-29 17:34:38 [main] FATAL Base:49 - This is a fatal message
2020-03-29 17:34:42 [main] INFO  Base:46 - This is an info message
2020-03-29 17:34:42 [main] WARN  Base:47 - This is a warn message
2020-03-29 17:34:43 [main] ERROR Base:48 - This is an error message
2020-03-29 17:34:43 [main] FATAL Base:49 - This is a fatal message
2020-03-29 17:34:51 [main] INFO  Base:46 - This is an info message
2020-03-29 17:34:51 [main] WARN  Base:47 - This is a warn message
2020-03-29 17:34:51 [main] ERROR Base:48 - This is an error message
2020-03-29 17:34:51 [main] FATAL Base:49 - This is a fatal message
2020-03-29 17:34:55 [main] INFO  Base:46 - This is an info message
2020-03-29 17:34:55 [main] WARN  Base:47 - This is a warn message
2020-03-29 17:34:55 [main] ERROR Base:48 - This is an error message
2020-03-29 17:34:55 [main] FATAL Base:49 - This is a fatal message
2020-03-29 17:34:58 [main] INFO  Base:46 - This is an info message
2020-03-29 17:34:58 [main] WARN  Base:47 - This is a warn message
2020-03-29 17:34:58 [main] ERROR Base:48 - This is an error message
2020-03-29 17:34:58 [main] FATAL Base:49 - This is a fatal message
2020-03-29 17:35:03 [main] INFO  Base:46 - This is an info message
2020-03-29 17:35:03 [main] WARN  Base:47 - This is a warn message
2020-03-29 17:35:03 [main] ERROR Base:48 - This is an error message
2020-03-29 17:35:03 [main] FATAL Base:49 - This is a fatal message
2020-03-29 17:35:12 [main] INFO  Base:46 - This is an info message
2020-03-29 17:35:12 [main] WARN  Base:47 - This is a warn message
2020-03-29 17:35:12 [main] ERROR Base:48 - This is an error message
2020-03-29 17:35:12 [main] FATAL Base:49 - This is a fatal message
2020-03-29 17:35:14 [main] INFO  Base:46 - This is an info message
2020-03-29 17:35:14 [main] WARN  Base:47 - This is a warn message
2020-03-29 17:35:14 [main] ERROR Base:48 - This is an error message
2020-03-29 17:35:14 [main] FATAL Base:49 - This is a fatal message
2020-03-29 17:35:18 [main] INFO  Base:46 - This is an info message
2020-03-29 17:35:18 [main] WARN  Base:47 - This is a warn message
2020-03-29 17:35:18 [main] ERROR Base:48 - This is an error message
2020-03-29 17:35:18 [main] FATAL Base:49 - This is a fatal message
2020-03-29 17:38:10 [main] INFO  Base:46 - This is an info message
2020-03-29 17:38:10 [main] WARN  Base:47 - This is a warn message
2020-03-29 17:38:10 [main] ERROR Base:48 - This is an error message
2020-03-29 17:38:10 [main] FATAL Base:49 - This is a fatal message
2020-03-29 17:38:14 [main] INFO  Base:46 - This is an info message
2020-03-29 17:38:14 [main] WARN  Base:47 - This is a warn message
2020-03-29 17:38:14 [main] ERROR Base:48 - This is an error message
2020-03-29 17:38:14 [main] FATAL Base:49 - This is a fatal message
2020-03-29 17:38:23 [main] INFO  Base:46 - This is an info message
2020-03-29 17:38:23 [main] WARN  Base:47 - This is a warn message
2020-03-29 17:38:23 [main] ERROR Base:48 - This is an error message
2020-03-29 17:38:23 [main] FATAL Base:49 - This is a fatal message
2020-03-29 17:38:26 [main] INFO  Base:46 - This is an info message
2020-03-29 17:38:26 [main] WARN  Base:47 - This is a warn message
2020-03-29 17:38:26 [main] ERROR Base:48 - This is an error message
2020-03-29 17:38:26 [main] FATAL Base:49 - This is a fatal message
2020-03-29 17:38:30 [main] INFO  Base:46 - This is an info message
2020-03-29 17:38:30 [main] WARN  Base:47 - This is a warn message
2020-03-29 17:38:30 [main] ERROR Base:48 - This is an error message
2020-03-29 17:38:30 [main] FATAL Base:49 - This is a fatal message
2020-03-29 17:38:35 [main] INFO  Base:46 - This is an info message
2020-03-29 17:38:35 [main] WARN  Base:47 - This is a warn message
2020-03-29 17:38:35 [main] ERROR Base:48 - This is an error message
2020-03-29 17:38:35 [main] FATAL Base:49 - This is a fatal message
2020-03-29 17:38:43 [main] INFO  Base:46 - This is an info message
2020-03-29 17:38:43 [main] WARN  Base:47 - This is a warn message
2020-03-29 17:38:43 [main] ERROR Base:48 - This is an error message
2020-03-29 17:38:43 [main] FATAL Base:49 - This is a fatal message
2020-03-29 17:38:50 [main] INFO  Base:46 - This is an info message
2020-03-29 17:38:50 [main] WARN  Base:47 - This is a warn message
2020-03-29 17:38:50 [main] ERROR Base:48 - This is an error message
2020-03-29 17:38:50 [main] FATAL Base:49 - This is a fatal message
2020-03-29 17:38:54 [main] INFO  Base:46 - This is an info message
2020-03-29 17:38:54 [main] WARN  Base:47 - This is a warn message
2020-03-29 17:38:54 [main] ERROR Base:48 - This is an error message
2020-03-29 17:38:54 [main] FATAL Base:49 - This is a fatal message
2020-03-29 17:51:56 [main] INFO  Base:46 - This is an info message
2020-03-29 17:51:56 [main] WARN  Base:47 - This is a warn message
2020-03-29 17:51:56 [main] ERROR Base:48 - This is an error message
2020-03-29 17:51:56 [main] FATAL Base:49 - This is a fatal message
2020-03-29 17:51:59 [main] INFO  Base:46 - This is an info message
2020-03-29 17:51:59 [main] WARN  Base:47 - This is a warn message
2020-03-29 17:51:59 [main] ERROR Base:48 - This is an error message
2020-03-29 17:51:59 [main] FATAL Base:49 - This is a fatal message
2020-03-29 17:52:08 [main] INFO  Base:46 - This is an info message
2020-03-29 17:52:08 [main] WARN  Base:47 - This is a warn message
2020-03-29 17:52:08 [main] ERROR Base:48 - This is an error message
2020-03-29 17:52:08 [main] FATAL Base:49 - This is a fatal message
2020-03-29 17:52:11 [main] INFO  Base:46 - This is an info message
2020-03-29 17:52:11 [main] WARN  Base:47 - This is a warn message
2020-03-29 17:52:11 [main] ERROR Base:48 - This is an error message
2020-03-29 17:52:11 [main] FATAL Base:49 - This is a fatal message
2020-03-29 17:52:14 [main] INFO  Base:46 - This is an info message
2020-03-29 17:52:14 [main] WARN  Base:47 - This is a warn message
2020-03-29 17:52:14 [main] ERROR Base:48 - This is an error message
2020-03-29 17:52:14 [main] FATAL Base:49 - This is a fatal message
2020-03-29 17:52:14 [main] INFO  Base:48 - Attend page SearchReport method invoked...
2020-03-29 17:52:16 [main] INFO  Base:39 - In the method  getReport
2020-03-29 17:52:16 [main] INFO  Base:54 - Tear down method invoked..
2020-03-29 17:52:20 [main] INFO  Base:46 - This is an info message
2020-03-29 17:52:20 [main] WARN  Base:47 - This is a warn message
2020-03-29 17:52:20 [main] ERROR Base:48 - This is an error message
2020-03-29 17:52:20 [main] FATAL Base:49 - This is a fatal message
2020-03-29 17:52:28 [main] INFO  Base:46 - This is an info message
2020-03-29 17:52:28 [main] WARN  Base:47 - This is a warn message
2020-03-29 17:52:28 [main] ERROR Base:48 - This is an error message
2020-03-29 17:52:28 [main] FATAL Base:49 - This is a fatal message
2020-03-29 17:52:37 [main] INFO  Base:46 - This is an info message
2020-03-29 17:52:37 [main] WARN  Base:47 - This is a warn message
2020-03-29 17:52:37 [main] ERROR Base:48 - This is an error message
2020-03-29 17:52:37 [main] FATAL Base:49 - This is a fatal message
2020-03-29 19:56:44 [main] INFO  Base:48 - Attend page SearchReport method invoked...
2020-03-29 19:56:47 [main] INFO  Base:39 - In the method  getReport
2020-03-29 19:56:47 [main] INFO  Base:54 - Tear down method invoked..
2020-03-29 19:57:04 [main] INFO  Base:48 - Attend page SearchReport method invoked...
2020-03-29 19:57:06 [main] INFO  Base:59 - Attend page DataVerify method invoked...
2020-03-29 19:57:06 [main] INFO  Base:48 - In the method  rows and Cols
2020-03-29 19:57:06 [main] INFO  Base:54 - Tear down method invoked..
2020-03-29 20:00:45 [main] INFO  Base:48 - Attend page SearchReport method invoked...
2020-03-29 20:00:47 [main] INFO  Base:39 - In the method  getReport
2020-03-29 20:00:47 [main] INFO  Base:55 - Tear down method invoked..
2020-03-29 20:01:06 [main] INFO  Base:48 - Attend page SearchReport method invoked...
2020-03-29 20:01:08 [main] INFO  Base:59 - Attend page DataVerify method invoked...
2020-03-29 20:01:09 [main] INFO  Base:48 - In the method  rows and Cols
2020-03-29 20:01:09 [main] INFO  Base:55 - Tear down method invoked..
2020-03-29 22:53:51 [main] INFO  Base:48 - Attend page SearchReport method invoked...
2020-03-29 22:53:53 [main] INFO  Base:39 - In the method  getReport
2020-03-29 22:53:53 [main] INFO  Base:55 - Tear down method invoked..
2020-03-29 22:54:12 [main] INFO  Base:48 - Attend page SearchReport method invoked...
2020-03-29 22:54:14 [main] INFO  Base:59 - Attend page DataVerify method invoked...
2020-03-29 22:54:14 [main] INFO  Base:55 - Tear down method invoked..
2020-03-29 23:03:27 [main] INFO  Base:48 - Attend page SearchReport method invoked...
2020-03-29 23:03:29 [main] INFO  Base:39 - In the method  getReport
2020-03-29 23:03:29 [main] INFO  Base:55 - Tear down method invoked..
2020-03-29 23:03:47 [main] INFO  Base:48 - Attend page SearchReport method invoked...
2020-03-29 23:03:50 [main] INFO  Base:59 - Attend page DataVerify method invoked...
2020-03-29 23:03:50 [main] INFO  Base:55 - Tear down method invoked..
2020-03-30 16:18:39 [main] INFO  Base:49 - Attend page SearchReport method invoked...
2020-03-30 16:18:41 [main] INFO  Base:39 - In the method  getReport
2020-03-30 16:18:41 [main] INFO  Base:55 - Tear down method invoked..
2020-03-30 16:18:59 [main] INFO  Base:49 - Attend page SearchReport method invoked...
2020-03-30 16:19:01 [main] INFO  Base:60 - Attend page DataVerify method invoked...
2020-03-30 16:19:01 [main] INFO  Base:55 - Tear down method invoked..
2020-03-30 16:30:20 [main] INFO  Base:49 - Attend page SearchReport method invoked...
2020-03-30 16:30:22 [main] INFO  Base:39 - In the method  getReport
2020-03-30 16:30:22 [main] INFO  Base:55 - Tear down method invoked..
2020-03-30 16:30:40 [main] INFO  Base:49 - Attend page SearchReport method invoked...
2020-03-30 16:30:42 [main] INFO  Base:60 - Attend page DataVerify method invoked...
2020-03-30 16:30:42 [main] INFO  Base:55 - Tear down method invoked..
2020-03-30 16:32:12 [main] INFO  Base:49 - Attend page SearchReport method invoked...
2020-03-30 16:32:15 [main] INFO  Base:60 - Attend page DataVerify method invoked...
2020-03-30 16:32:15 [main] INFO  Base:55 - Tear down method invoked..
2020-03-30 16:39:11 [main] INFO  Base:49 - Attend page SearchReport method invoked...
2020-03-30 16:39:13 [main] INFO  Base:60 - Attend page DataVerify method invoked...
2020-03-30 16:39:14 [main] INFO  Base:48 - @@@@@@@@@@@@In the method  rows and Cols@@@@@@@@@@@@@
2020-03-30 16:39:14 [main] INFO  Base:55 - @@@@@@@ Tear down method invoked..@@@@@@@@@@
2020-03-30 20:28:26 [main] INFO  Base:53 - Attend page SearchReport method invoked...
2020-03-30 20:28:29 [main] INFO  Base:64 - Attend page DataVerify method invoked...
2020-03-30 20:28:29 [main] INFO  Base:48 - @@@@@@@@@@@@In the method  rows and Cols@@@@@@@@@@@@@
2020-03-30 20:28:29 [main] INFO  Base:55 - @@@@@@@ Tear down method invoked..@@@@@@@@@@
2020-03-30 20:33:57 [main] INFO  Base:55 - Attend page SearchReport method invoked...
2020-03-30 20:33:59 [main] INFO  Base:66 - Attend page DataVerify method invoked...
2020-03-30 20:33:59 [main] INFO  Base:48 - @@@@@@@@@@@@In the method  rows and Cols@@@@@@@@@@@@@
2020-03-30 20:33:59 [main] INFO  Base:55 - @@@@@@@ Tear down method invoked..@@@@@@@@@@
2020-03-30 20:39:01 [main] INFO  Base:55 - Attend page SearchReport method invoked...
2020-03-30 20:39:03 [main] INFO  Base:66 - Attend page DataVerify method invoked...
2020-03-30 20:39:03 [main] INFO  Base:48 - @@@@@@@@@@@@In the method  rows and Cols@@@@@@@@@@@@@
2020-03-30 20:39:03 [main] INFO  Base:55 - @@@@@@@ Tear down method invoked..@@@@@@@@@@
2020-03-30 20:46:38 [main] INFO  Base:55 - Attend page SearchReport method invoked...
2020-03-30 20:46:41 [main] INFO  Base:66 - Attend page DataVerify method invoked...
2020-03-30 20:46:41 [main] INFO  Base:48 - @@@@@@@@@@@@In the method  rows and Cols@@@@@@@@@@@@@
2020-03-30 20:46:41 [main] INFO  Base:55 - @@@@@@@ Tear down method invoked..@@@@@@@@@@
2020-03-30 21:05:31 [main] INFO  Base:56 - Attend page SearchReport method invoked...
2020-03-30 21:05:33 [main] INFO  Base:67 - Attend page DataVerify method invoked...
2020-03-30 21:05:33 [main] INFO  Base:48 - @@@@@@@@@@@@In the method  rows and Cols@@@@@@@@@@@@@
2020-03-30 21:05:33 [main] INFO  Base:55 - @@@@@@@ Tear down method invoked..@@@@@@@@@@
2020-03-30 21:09:27 [main] INFO  Base:56 - Attend page SearchReport method invoked...
2020-03-30 21:09:29 [main] INFO  Base:67 - Attend page DataVerify method invoked...
2020-03-30 21:09:29 [main] INFO  Base:48 - @@@@@@@@@@@@In the method  rows and Cols@@@@@@@@@@@@@
2020-03-30 21:09:29 [main] INFO  Base:55 - @@@@@@@ Tear down method invoked..@@@@@@@@@@
2020-03-31 11:13:29 [main] INFO  Base:46 - This is an info message
2020-03-31 11:13:29 [main] WARN  Base:47 - This is a warn message
2020-03-31 11:13:29 [main] ERROR Base:48 - This is an error message
2020-03-31 11:13:29 [main] FATAL Base:49 - This is a fatal message
2020-03-31 11:13:33 [main] INFO  Base:46 - This is an info message
2020-03-31 11:13:33 [main] WARN  Base:47 - This is a warn message
2020-03-31 11:13:33 [main] ERROR Base:48 - This is an error message
2020-03-31 11:13:33 [main] FATAL Base:49 - This is a fatal message
2020-03-31 11:13:42 [main] INFO  Base:46 - This is an info message
2020-03-31 11:13:42 [main] WARN  Base:47 - This is a warn message
2020-03-31 11:13:42 [main] ERROR Base:48 - This is an error message
2020-03-31 11:13:42 [main] FATAL Base:49 - This is a fatal message
2020-03-31 11:13:44 [main] INFO  Base:46 - This is an info message
2020-03-31 11:13:44 [main] WARN  Base:47 - This is a warn message
2020-03-31 11:13:44 [main] ERROR Base:48 - This is an error message
2020-03-31 11:13:44 [main] FATAL Base:49 - This is a fatal message
2020-03-31 11:13:48 [main] INFO  Base:46 - This is an info message
2020-03-31 11:13:48 [main] WARN  Base:47 - This is a warn message
2020-03-31 11:13:48 [main] ERROR Base:48 - This is an error message
2020-03-31 11:13:48 [main] FATAL Base:49 - This is a fatal message
2020-03-31 11:18:23 [main] INFO  Base:46 - This is an info message
2020-03-31 11:18:23 [main] WARN  Base:47 - This is a warn message
2020-03-31 11:18:23 [main] ERROR Base:48 - This is an error message
2020-03-31 11:18:23 [main] FATAL Base:49 - This is a fatal message
2020-03-31 11:18:27 [main] INFO  Base:46 - This is an info message
2020-03-31 11:18:27 [main] WARN  Base:47 - This is a warn message
2020-03-31 11:18:27 [main] ERROR Base:48 - This is an error message
2020-03-31 11:18:27 [main] FATAL Base:49 - This is a fatal message
2020-03-31 11:18:35 [main] INFO  Base:46 - This is an info message
2020-03-31 11:18:35 [main] WARN  Base:47 - This is a warn message
2020-03-31 11:18:35 [main] ERROR Base:48 - This is an error message
2020-03-31 11:18:35 [main] FATAL Base:49 - This is a fatal message
2020-03-31 11:18:38 [main] INFO  Base:46 - This is an info message
2020-03-31 11:18:38 [main] WARN  Base:47 - This is a warn message
2020-03-31 11:18:38 [main] ERROR Base:48 - This is an error message
2020-03-31 11:18:38 [main] FATAL Base:49 - This is a fatal message
2020-03-31 11:18:42 [main] INFO  Base:46 - This is an info message
2020-03-31 11:18:42 [main] WARN  Base:47 - This is a warn message
2020-03-31 11:18:42 [main] ERROR Base:48 - This is an error message
2020-03-31 11:18:42 [main] FATAL Base:49 - This is a fatal message
2020-03-31 11:20:49 [main] INFO  Base:46 - This is an info message
2020-03-31 11:20:49 [main] WARN  Base:47 - This is a warn message
2020-03-31 11:20:49 [main] ERROR Base:48 - This is an error message
2020-03-31 11:20:49 [main] FATAL Base:49 - This is a fatal message
2020-03-31 11:23:27 [main] INFO  Base:46 - This is an info message
2020-03-31 11:23:27 [main] WARN  Base:47 - This is a warn message
2020-03-31 11:23:27 [main] ERROR Base:48 - This is an error message
2020-03-31 11:23:27 [main] FATAL Base:49 - This is a fatal message
2020-03-31 11:24:07 [main] INFO  Base:46 - This is an info message
2020-03-31 11:24:07 [main] WARN  Base:47 - This is a warn message
2020-03-31 11:24:07 [main] ERROR Base:48 - This is an error message
2020-03-31 11:24:07 [main] FATAL Base:49 - This is a fatal message
2020-03-31 11:24:16 [main] INFO  Base:46 - This is an info message
2020-03-31 11:24:16 [main] WARN  Base:47 - This is a warn message
2020-03-31 11:24:16 [main] ERROR Base:48 - This is an error message
2020-03-31 11:24:16 [main] FATAL Base:49 - This is a fatal message
